<?xml version="1.0" encoding="UTF-8"?>
<testsuite xmlns:xsi="http://www.w3.org/2001/XMLSchema-instance" xsi:noNamespaceSchemaLocation="https://maven.apache.org/surefire/maven-surefire-plugin/xsd/surefire-test-report.xsd" version="3.0.2" name="com.code.duel.code.duel.CodeDuelApplicationTests" time="8.448" tests="1" errors="0" skipped="0" failures="0">
  <properties>
[...]
</properties>
  <testcase name="contextLoads" classname="com.code.duel.code.duel.CodeDuelApplicationTests" time="1.82">
    <system-out><![CDATA[00:05:28.352 [main] INFO org.springframework.test.context.support.AnnotationConfigContextLoaderUtils -- Could not detect default configuration classes for test class [com.code.duel.code.duel.CodeDuelApplicationTests]: CodeDuelApplicationTests does not declare any static, non-private, non-final, nested classes annotated with @Configuration.
00:05:28.604 [main] INFO org.springframework.boot.test.context.SpringBootTestContextBootstrapper -- Found @SpringBootConfiguration com.code.duel.code.duel.CodeDuelApplication for test class com.code.duel.code.duel.CodeDuelApplicationTests
00:05:28.972 [main] INFO org.springframework.boot.devtools.restart.RestartApplicationListener -- Restart disabled due to context in which it is running

  .   ____          _            __ _ _
 /\\ / ___'_ __ _ _(_)_ __  __ _ \ \ \ \
( ( )\___ | '_ | '_| | '_ \/ _` | \ \ \ \
 \\/  ___)| |_)| | | | | || (_| |  ) ) ) )
  '  |____| .__|_| |_|_| |_\__, | / / / /
 =========|_|==============|___/=/_/_/_/

 :: Spring Boot ::                (v3.4.3)

2025-12-28T00:05:29.622+03:00  INFO 4260 --- [code-duel] [           main] c.c.d.c.duel.CodeDuelApplicationTests    : Starting CodeDuelApplicationTests using Java 21.0.1 with PID 4260 (started by salem in D:\Code-Duel-Platform)
2025-12-28T00:05:29.624+03:00  INFO 4260 --- [code-duel] [           main] c.c.d.c.duel.CodeDuelApplicationTests    : No active profile set, falling back to 1 default profile: "default"
2025-12-28T00:05:31.911+03:00  INFO 4260 --- [code-duel] [           main] com.zaxxer.hikari.HikariDataSource       : HikariPool-1 - Starting...
2025-12-28T00:05:32.291+03:00  INFO 4260 --- [code-duel] [           main] com.zaxxer.hikari.pool.HikariPool        : HikariPool-1 - Added connection conn0: url=jdbc:h2:mem:testdb user=SA
2025-12-28T00:05:32.295+03:00  INFO 4260 --- [code-duel] [           main] com.zaxxer.hikari.HikariDataSource       : HikariPool-1 - Start completed.
2025-12-28T00:05:33.157+03:00  INFO 4260 --- [code-duel] [           main] r$InitializeUserDetailsManagerConfigurer : Global AuthenticationManager configured with UserDetailsService bean with name userDetailsService
2025-12-28T00:05:34.362+03:00  INFO 4260 --- [code-duel] [           main] o.s.b.a.h2.H2ConsoleAutoConfiguration    : H2 console available at '/h2-console'. Database available at 'jdbc:h2:mem:testdb'
2025-12-28T00:05:34.488+03:00  INFO 4260 --- [code-duel] [           main] o.s.m.s.b.SimpleBrokerMessageHandler     : Starting...
2025-12-28T00:05:34.494+03:00  INFO 4260 --- [code-duel] [           main] o.s.m.s.b.SimpleBrokerMessageHandler     : BrokerAvailabilityEvent[available=true, SimpleBrokerMessageHandler [org.springframework.messaging.simp.broker.DefaultSubscriptionRegistry@31f31b20]]
2025-12-28T00:05:34.496+03:00  INFO 4260 --- [code-duel] [           main] o.s.m.s.b.SimpleBrokerMessageHandler     : Started.
2025-12-28T00:05:34.511+03:00  INFO 4260 --- [code-duel] [           main] c.c.d.c.duel.CodeDuelApplicationTests    : Started CodeDuelApplicationTests in 5.566 seconds (process running for 7.481)
[SubmissionWithUserDTO{username='Bob', submissionId=2, challengeTitle='Even or Odd', difficulty='Easy', programmingLanguage='Python', result='FAILURE'}, SubmissionWithUserDTO{username='MohX', submissionId=3, challengeTitle='Even or Odd', difficulty='Easy', programmingLanguage='C++', result='SUCCESS'}]
]]></system-out>
    <system-err><![CDATA[Mockito is currently self-attaching to enable the inline-mock-maker. This will no longer work in future releases of the JDK. Please add Mockito as an agent to your build what is described in Mockito's documentation: https://javadoc.io/doc/org.mockito/mockito-core/latest/org/mockito/Mockito.html#0.3
WARNING: A Java agent has been loaded dynamically (C:\Users\salem\.m2\repository\net\bytebuddy\byte-buddy-agent\1.15.11\byte-buddy-agent-1.15.11.jar)
WARNING: If a serviceability tool is in use, please run with -XX:+EnableDynamicAgentLoading to hide this warning
WARNING: If a serviceability tool is not in use, please run with -Djdk.instrument.traceUsage for more information
WARNING: Dynamic loading of agents will be disallowed by default in a future release
]]></system-err>
  </testcase>
</testsuite>